<?xml version="1.0" encoding="UTF-8"?>
<!-- Generated by org.testng.reporters.JUnitReportReporter -->
<testsuite hostname="HP" failures="0" tests="1" name="mavpack1.test" time="5.506" errors="0" timestamp="2023-11-02T11:36:25 IST" skipped="0">
  <testcase classname="mavpack1.test" name="test1" time="5.506"/>
  <system-out/>
</testsuite> <!-- mavpack1.test -->
