<?xml version="1.0" encoding="UTF-8"?>
<!-- Generated by org.testng.reporters.JUnitReportReporter -->
<testsuite hostname="HP" failures="0" tests="1" name="test.Test" time="0.581" errors="0" timestamp="2023-11-05T20:44:39 IST" skipped="0">
  <testcase classname="test.Test" name="test" time="0.581"/>
  <system-out/>
</testsuite> <!-- test.Test -->
